21:11:02.863 bigspring [restartedMain] INFO  o.c.bigspring.BigspringApplication - Starting BigspringApplication on QN-liuxiufang with PID 434116 (D:\workspace\template\bigspring\target\classes started by jifang.liu in D:\workspace\template\bigspring)
21:11:02.867 bigspring [restartedMain] INFO  o.c.bigspring.BigspringApplication - No active profile set, falling back to default profiles: default
21:11:02.928 bigspring [restartedMain] INFO  o.s.b.d.e.DevToolsPropertyDefaultsPostProcessor - Devtools property defaults active! Set 'spring.devtools.add-properties' to 'false' to disable
21:11:02.929 bigspring [restartedMain] INFO  o.s.b.d.e.DevToolsPropertyDefaultsPostProcessor - For additional web related logging consider setting the 'logging.level.web' property to 'DEBUG'
21:11:04.008 bigspring [restartedMain] INFO  o.s.c.s.PostProcessorRegistrationDelegate$BeanPostProcessorChecker - Bean 'org.springframework.kafka.annotation.KafkaBootstrapConfiguration' of type [org.springframework.kafka.annotation.KafkaBootstrapConfiguration$$EnhancerBySpringCGLIB$$9112447c] is not eligible for getting processed by all BeanPostProcessors (for example: not eligible for auto-proxying)
21:11:04.344 bigspring [restartedMain] INFO  o.s.b.w.e.tomcat.TomcatWebServer - Tomcat initialized with port(s): 8080 (http)
21:11:04.356 bigspring [restartedMain] INFO  o.a.coyote.http11.Http11NioProtocol - Initializing ProtocolHandler ["http-nio-8080"]
21:11:04.365 bigspring [restartedMain] INFO  o.a.catalina.core.StandardService - Starting service [Tomcat]
21:11:04.365 bigspring [restartedMain] INFO  o.a.catalina.core.StandardEngine - Starting Servlet engine: [Apache Tomcat/9.0.17]
21:11:04.458 bigspring [restartedMain] INFO  o.a.c.c.C.[Tomcat].[localhost].[/] - Initializing Spring embedded WebApplicationContext
21:11:04.458 bigspring [restartedMain] INFO  o.s.web.context.ContextLoader - Root WebApplicationContext: initialization completed in 1527 ms
21:11:04.868 bigspring [restartedMain] INFO  o.s.s.c.ThreadPoolTaskExecutor - Initializing ExecutorService 'applicationTaskExecutor'
21:11:04.941 bigspring [restartedMain] WARN  o.s.b.a.t.ThymeleafAutoConfiguration$DefaultTemplateResolverConfiguration - Cannot find template location: classpath:/templates/ (please add some templates or check your Thymeleaf configuration)
21:11:05.150 bigspring [restartedMain] INFO  o.s.b.a.s.s.UserDetailsServiceAutoConfiguration - 

Using generated security password: b7d3b0d2-6980-4259-a242-616fbd5231e3

21:11:05.215 bigspring [restartedMain] INFO  o.s.s.web.DefaultSecurityFilterChain - Creating filter chain: any request, [org.springframework.security.web.context.request.async.WebAsyncManagerIntegrationFilter@9de5b49, org.springframework.security.web.context.SecurityContextPersistenceFilter@497a8665, org.springframework.security.web.header.HeaderWriterFilter@19b8952f, org.springframework.security.web.csrf.CsrfFilter@75e846bc, org.springframework.security.web.authentication.logout.LogoutFilter@1a71817a, org.springframework.security.web.authentication.UsernamePasswordAuthenticationFilter@17691cc9, org.springframework.security.web.authentication.ui.DefaultLoginPageGeneratingFilter@3e05101b, org.springframework.security.web.authentication.ui.DefaultLogoutPageGeneratingFilter@5db64e82, org.springframework.security.web.authentication.www.BasicAuthenticationFilter@5c32a1e, org.springframework.security.web.savedrequest.RequestCacheAwareFilter@35f462f9, org.springframework.security.web.servletapi.SecurityContextHolderAwareRequestFilter@24697633, org.springframework.security.web.authentication.AnonymousAuthenticationFilter@5f788f8c, org.springframework.security.web.session.SessionManagementFilter@3c529803, org.springframework.security.web.access.ExceptionTranslationFilter@675541c7, org.springframework.security.web.access.intercept.FilterSecurityInterceptor@47969721]
21:11:05.289 bigspring [restartedMain] INFO  org.quartz.impl.StdSchedulerFactory - Using default implementation for ThreadExecutor
21:11:05.296 bigspring [restartedMain] INFO  o.quartz.core.SchedulerSignalerImpl - Initialized Scheduler Signaller of type: class org.quartz.core.SchedulerSignalerImpl
21:11:05.296 bigspring [restartedMain] INFO  org.quartz.core.QuartzScheduler - Quartz Scheduler v.2.3.1 created.
21:11:05.297 bigspring [restartedMain] INFO  org.quartz.simpl.RAMJobStore - RAMJobStore initialized.
21:11:05.297 bigspring [restartedMain] INFO  org.quartz.core.QuartzScheduler - Scheduler meta-data: Quartz Scheduler (v2.3.1) 'quartzScheduler' with instanceId 'NON_CLUSTERED'
  Scheduler class: 'org.quartz.core.QuartzScheduler' - running locally.
  NOT STARTED.
  Currently in standby mode.
  Number of jobs executed: 0
  Using thread pool 'org.quartz.simpl.SimpleThreadPool' - with 10 threads.
  Using job-store 'org.quartz.simpl.RAMJobStore' - which does not support persistence. and is not clustered.

21:11:05.297 bigspring [restartedMain] INFO  org.quartz.impl.StdSchedulerFactory - Quartz scheduler 'quartzScheduler' initialized from an externally provided properties instance.
21:11:05.297 bigspring [restartedMain] INFO  org.quartz.impl.StdSchedulerFactory - Quartz scheduler version: 2.3.1
21:11:05.297 bigspring [restartedMain] INFO  org.quartz.core.QuartzScheduler - JobFactory set to: org.springframework.scheduling.quartz.SpringBeanJobFactory@418cdf92
21:11:05.312 bigspring [restartedMain] INFO  o.s.b.a.e.web.EndpointLinksResolver - Exposing 2 endpoint(s) beneath base path '/actuator'
21:11:05.578 bigspring [restartedMain] INFO  o.s.b.d.a.OptionalLiveReloadServer - LiveReload server is running on port 35729
21:11:05.598 bigspring [restartedMain] INFO  o.s.s.quartz.SchedulerFactoryBean - Starting Quartz Scheduler now
21:11:05.598 bigspring [restartedMain] INFO  org.quartz.core.QuartzScheduler - Scheduler quartzScheduler_$_NON_CLUSTERED started.
21:11:05.609 bigspring [restartedMain] INFO  o.a.coyote.http11.Http11NioProtocol - Starting ProtocolHandler ["http-nio-8080"]
21:11:05.627 bigspring [restartedMain] INFO  o.s.b.w.e.tomcat.TomcatWebServer - Tomcat started on port(s): 8080 (http) with context path ''
21:11:05.631 bigspring [restartedMain] INFO  o.c.bigspring.BigspringApplication - Started BigspringApplication in 3.268 seconds (JVM running for 4.239)
21:11:06.321 bigspring [RMI TCP Connection(2)-127.0.0.1] INFO  o.a.c.c.C.[Tomcat].[localhost].[/] - Initializing Spring DispatcherServlet 'dispatcherServlet'
21:11:06.322 bigspring [RMI TCP Connection(2)-127.0.0.1] INFO  o.s.web.servlet.DispatcherServlet - Initializing Servlet 'dispatcherServlet'
21:11:06.332 bigspring [RMI TCP Connection(2)-127.0.0.1] INFO  o.s.web.servlet.DispatcherServlet - Completed initialization in 10 ms
