2019-04-11 10:16:43,740 [restartedMain] INFO  o.c.bigspring.BigspringApplication [Line:50 ] - Starting BigspringApplication on QN-liuxiufang with PID 438960 (D:\workspace\template\bigspring\target\classes started by jifang.liu in D:\workspace\template\bigspring)
2019-04-11 10:16:43,748 [restartedMain] INFO  o.c.bigspring.BigspringApplication [Line:675] - No active profile set, falling back to default profiles: default
2019-04-11 10:16:43,797 [restartedMain] INFO  o.s.b.d.e.DevToolsPropertyDefaultsPostProcessor [Line:227] - Devtools property defaults active! Set 'spring.devtools.add-properties' to 'false' to disable
2019-04-11 10:16:43,797 [restartedMain] INFO  o.s.b.d.e.DevToolsPropertyDefaultsPostProcessor [Line:227] - For additional web related logging consider setting the 'logging.level.web' property to 'DEBUG'
2019-04-11 10:16:44,863 [restartedMain] INFO  o.s.c.s.PostProcessorRegistrationDelegate$BeanPostProcessorChecker [Line:330] - Bean 'org.springframework.kafka.annotation.KafkaBootstrapConfiguration' of type [org.springframework.kafka.annotation.KafkaBootstrapConfiguration$$EnhancerBySpringCGLIB$$2407ef8d] is not eligible for getting processed by all BeanPostProcessors (for example: not eligible for auto-proxying)
2019-04-11 10:16:45,317 [restartedMain] INFO  o.s.b.w.e.tomcat.TomcatWebServer [Line:90 ] - Tomcat initialized with port(s): 8080 (http)
2019-04-11 10:16:45,331 [restartedMain] INFO  o.a.coyote.http11.Http11NioProtocol [Line:173] - Initializing ProtocolHandler ["http-nio-8080"]
2019-04-11 10:16:45,342 [restartedMain] INFO  o.a.catalina.core.StandardService [Line:173] - Starting service [Tomcat]
2019-04-11 10:16:45,342 [restartedMain] INFO  o.a.catalina.core.StandardEngine [Line:173] - Starting Servlet engine: [Apache Tomcat/9.0.17]
2019-04-11 10:16:45,455 [restartedMain] INFO  o.a.c.c.C.[Tomcat].[localhost].[/] [Line:173] - Initializing Spring embedded WebApplicationContext
2019-04-11 10:16:45,455 [restartedMain] INFO  o.s.web.context.ContextLoader [Line:296] - Root WebApplicationContext: initialization completed in 1658 ms
2019-04-11 10:16:46,022 [restartedMain] INFO  o.s.s.c.ThreadPoolTaskExecutor [Line:171] - Initializing ExecutorService 'applicationTaskExecutor'
2019-04-11 10:16:46,110 [restartedMain] WARN  o.s.b.a.t.ThymeleafAutoConfiguration$DefaultTemplateResolverConfiguration [Line:108] - Cannot find template location: classpath:/templates/ (please add some templates or check your Thymeleaf configuration)
2019-04-11 10:16:46,333 [restartedMain] INFO  o.s.b.a.s.s.UserDetailsServiceAutoConfiguration [Line:87 ] - 

Using generated security password: 8c9aadf0-d948-4f33-b915-9f195e901cd3

2019-04-11 10:16:46,407 [restartedMain] INFO  o.s.s.web.DefaultSecurityFilterChain [Line:43 ] - Creating filter chain: any request, [org.springframework.security.web.context.request.async.WebAsyncManagerIntegrationFilter@5ecf2be8, org.springframework.security.web.context.SecurityContextPersistenceFilter@677d0762, org.springframework.security.web.header.HeaderWriterFilter@1b7a1a86, org.springframework.security.web.csrf.CsrfFilter@13b541ea, org.springframework.security.web.authentication.logout.LogoutFilter@5f999b31, org.springframework.security.web.authentication.UsernamePasswordAuthenticationFilter@d066ed7, org.springframework.security.web.authentication.ui.DefaultLoginPageGeneratingFilter@5e0ea2a1, org.springframework.security.web.authentication.ui.DefaultLogoutPageGeneratingFilter@464b198e, org.springframework.security.web.authentication.www.BasicAuthenticationFilter@1c5b0b97, org.springframework.security.web.savedrequest.RequestCacheAwareFilter@a6b5237, org.springframework.security.web.servletapi.SecurityContextHolderAwareRequestFilter@68f20bd6, org.springframework.security.web.authentication.AnonymousAuthenticationFilter@35c9841d, org.springframework.security.web.session.SessionManagementFilter@55f8fc1e, org.springframework.security.web.access.ExceptionTranslationFilter@37f8d741, org.springframework.security.web.access.intercept.FilterSecurityInterceptor@78c49e68]
2019-04-11 10:16:46,482 [restartedMain] INFO  org.quartz.impl.StdSchedulerFactory [Line:1208] - Using default implementation for ThreadExecutor
2019-04-11 10:16:46,490 [restartedMain] INFO  o.quartz.core.SchedulerSignalerImpl [Line:61 ] - Initialized Scheduler Signaller of type: class org.quartz.core.SchedulerSignalerImpl
2019-04-11 10:16:46,490 [restartedMain] INFO  org.quartz.core.QuartzScheduler [Line:229] - Quartz Scheduler v.2.3.1 created.
2019-04-11 10:16:46,490 [restartedMain] INFO  org.quartz.simpl.RAMJobStore [Line:155] - RAMJobStore initialized.
2019-04-11 10:16:46,491 [restartedMain] INFO  org.quartz.core.QuartzScheduler [Line:294] - Scheduler meta-data: Quartz Scheduler (v2.3.1) 'quartzScheduler' with instanceId 'NON_CLUSTERED'
  Scheduler class: 'org.quartz.core.QuartzScheduler' - running locally.
  NOT STARTED.
  Currently in standby mode.
  Number of jobs executed: 0
  Using thread pool 'org.quartz.simpl.SimpleThreadPool' - with 10 threads.
  Using job-store 'org.quartz.simpl.RAMJobStore' - which does not support persistence. and is not clustered.

2019-04-11 10:16:46,491 [restartedMain] INFO  org.quartz.impl.StdSchedulerFactory [Line:1362] - Quartz scheduler 'quartzScheduler' initialized from an externally provided properties instance.
2019-04-11 10:16:46,491 [restartedMain] INFO  org.quartz.impl.StdSchedulerFactory [Line:1366] - Quartz scheduler version: 2.3.1
2019-04-11 10:16:46,491 [restartedMain] INFO  org.quartz.core.QuartzScheduler [Line:2293] - JobFactory set to: org.springframework.scheduling.quartz.SpringBeanJobFactory@47de9a8c
2019-04-11 10:16:46,508 [restartedMain] INFO  o.s.b.a.e.web.EndpointLinksResolver [Line:59 ] - Exposing 2 endpoint(s) beneath base path '/actuator'
2019-04-11 10:16:46,813 [restartedMain] INFO  o.s.b.d.a.OptionalLiveReloadServer [Line:57 ] - LiveReload server is running on port 35729
2019-04-11 10:16:46,835 [restartedMain] INFO  o.s.s.quartz.SchedulerFactoryBean [Line:726] - Starting Quartz Scheduler now
2019-04-11 10:16:46,835 [restartedMain] INFO  org.quartz.core.QuartzScheduler [Line:547] - Scheduler quartzScheduler_$_NON_CLUSTERED started.
2019-04-11 10:16:46,872 [restartedMain] INFO  o.a.coyote.http11.Http11NioProtocol [Line:173] - Starting ProtocolHandler ["http-nio-8080"]
2019-04-11 10:16:46,891 [restartedMain] INFO  o.s.b.w.e.tomcat.TomcatWebServer [Line:204] - Tomcat started on port(s): 8080 (http) with context path ''
2019-04-11 10:16:46,894 [restartedMain] INFO  o.c.bigspring.BigspringApplication [Line:59 ] - Started BigspringApplication in 3.5 seconds (JVM running for 4.904)
2019-04-11 10:16:47,424 [RMI TCP Connection(6)-127.0.0.1] INFO  o.a.c.c.C.[Tomcat].[localhost].[/] [Line:173] - Initializing Spring DispatcherServlet 'dispatcherServlet'
2019-04-11 10:16:47,425 [RMI TCP Connection(6)-127.0.0.1] INFO  o.s.web.servlet.DispatcherServlet [Line:524] - Initializing Servlet 'dispatcherServlet'
2019-04-11 10:16:47,436 [RMI TCP Connection(6)-127.0.0.1] INFO  o.s.web.servlet.DispatcherServlet [Line:546] - Completed initialization in 11 ms
